<?xml version="1.0" encoding="UTF-8"?>
<!-- Generated by org.testng.reporters.JUnitReportReporter -->
<testsuite name="com.fpt.testcases.TC_ValidateLoginFunctional" tests="2" time="12.247" ignored="0" failures="0" timestamp="23 May 2021 04:07:02 GMT" skipped="0" hostname="DESKTOP-9U4MSC7" errors="0">
  <testcase name="tc_validate_login_functional" time="6.966" classname="com.fpt.testcases.TC_ValidateLoginFunctional"/>
  <testcase name="tc_validate_login_functional" time="5.281" classname="com.fpt.testcases.TC_ValidateLoginFunctional"/>
</testsuite> <!-- com.fpt.testcases.TC_ValidateLoginFunctional -->
